{"total": {"lines":{"total":666,"covered":535,"skipped":0,"pct":80.33},"statements":{"total":715,"covered":567,"skipped":0,"pct":79.3},"functions":{"total":110,"covered":87,"skipped":0,"pct":79.09},"branches":{"total":418,"covered":295,"skipped":0,"pct":70.57},"branchesTrue":{"total":0,"covered":0,"skipped":0,"pct":"Unknown"}}
,"D:\\fun-projects\\lumen\\core\\src\\coverage.ts": {"lines":{"total":295,"covered":228,"skipped":0,"pct":77.28},"functions":{"total":45,"covered":33,"skipped":0,"pct":73.33},"statements":{"total":316,"covered":242,"skipped":0,"pct":76.58},"branches":{"total":219,"covered":161,"skipped":0,"pct":73.51}}
,"D:\\fun-projects\\lumen\\core\\src\\index.ts": {"lines":{"total":11,"covered":0,"skipped":0,"pct":0},"functions":{"total":5,"covered":0,"skipped":0,"pct":0},"statements":{"total":16,"covered":0,"skipped":0,"pct":0},"branches":{"total":0,"covered":0,"skipped":0,"pct":100}}
,"D:\\fun-projects\\lumen\\core\\src\\markdown.ts": {"lines":{"total":132,"covered":114,"skipped":0,"pct":86.36},"functions":{"total":7,"covered":7,"skipped":0,"pct":100},"statements":{"total":133,"covered":115,"skipped":0,"pct":86.46},"branches":{"total":51,"covered":31,"skipped":0,"pct":60.78}}
,"D:\\fun-projects\\lumen\\core\\src\\report.ts": {"lines":{"total":97,"covered":86,"skipped":0,"pct":88.65},"functions":{"total":34,"covered":32,"skipped":0,"pct":94.11},"statements":{"total":103,"covered":92,"skipped":0,"pct":89.32},"branches":{"total":64,"covered":43,"skipped":0,"pct":67.18}}
,"D:\\fun-projects\\lumen\\core\\src\\scanner.ts": {"lines":{"total":131,"covered":107,"skipped":0,"pct":81.67},"functions":{"total":19,"covered":15,"skipped":0,"pct":78.94},"statements":{"total":147,"covered":118,"skipped":0,"pct":80.27},"branches":{"total":84,"covered":60,"skipped":0,"pct":71.42}}
}
