{"total": {"lines":{"total":569,"covered":476,"skipped":0,"pct":83.65},"statements":{"total":610,"covered":503,"skipped":0,"pct":82.45},"functions":{"total":92,"covered":78,"skipped":0,"pct":84.78},"branches":{"total":353,"covered":252,"skipped":0,"pct":71.38},"branchesTrue":{"total":0,"covered":0,"skipped":0,"pct":"Unknown"}}
,"D:\\fun-projects\\lumen\\core\\src\\coverage.ts": {"lines":{"total":223,"covered":175,"skipped":0,"pct":78.47},"functions":{"total":29,"covered":25,"skipped":0,"pct":86.2},"statements":{"total":236,"covered":184,"skipped":0,"pct":77.96},"branches":{"total":173,"covered":124,"skipped":0,"pct":71.67}}
,"D:\\fun-projects\\lumen\\core\\src\\index.ts": {"lines":{"total":11,"covered":0,"skipped":0,"pct":0},"functions":{"total":5,"covered":0,"skipped":0,"pct":0},"statements":{"total":16,"covered":0,"skipped":0,"pct":0},"branches":{"total":0,"covered":0,"skipped":0,"pct":100}}
,"D:\\fun-projects\\lumen\\core\\src\\markdown.ts": {"lines":{"total":118,"covered":113,"skipped":0,"pct":95.76},"functions":{"total":7,"covered":7,"skipped":0,"pct":100},"statements":{"total":119,"covered":114,"skipped":0,"pct":95.79},"branches":{"total":43,"covered":29,"skipped":0,"pct":67.44}}
,"D:\\fun-projects\\lumen\\core\\src\\report.ts": {"lines":{"total":89,"covered":83,"skipped":0,"pct":93.25},"functions":{"total":32,"covered":31,"skipped":0,"pct":96.87},"statements":{"total":95,"covered":89,"skipped":0,"pct":93.68},"branches":{"total":56,"covered":41,"skipped":0,"pct":73.21}}
,"D:\\fun-projects\\lumen\\core\\src\\scanner.ts": {"lines":{"total":128,"covered":105,"skipped":0,"pct":82.03},"functions":{"total":19,"covered":15,"skipped":0,"pct":78.94},"statements":{"total":144,"covered":116,"skipped":0,"pct":80.55},"branches":{"total":81,"covered":58,"skipped":0,"pct":71.6}}
}
