TN:
SF:src\coverage.ts
FN:2,(anonymous_0)
FN:6,(anonymous_1)
FN:9,(anonymous_2)
FN:13,(anonymous_3)
FN:15,(anonymous_4)
FN:18,(anonymous_5)
FN:19,(anonymous_6)
FN:20,(anonymous_7)
FN:27,(anonymous_8)
FN:45,emptyMetric
FN:48,emptyTotals
FN:56,pct
FN:61,readJson
FN:69,findCoverageSummaries
FN:71,(anonymous_14)
FN:112,findLcovFiles
FN:114,(anonymous_16)
FN:139,normalizeRelPath
FN:146,parseSummary
FN:169,extractMetric
FN:181,parseLcov
FN:195,(anonymous_21)
FN:218,mergeFiles
FN:236,mergeMetric
FN:241,totalsFromFiles
FN:259,detectFramework
FN:300,findCoverage
FN:344,(anonymous_27)
FN:345,(anonymous_28)
FNF:29
FNH:25
FNDA:125,(anonymous_0)
FNDA:227,(anonymous_1)
FNDA:0,(anonymous_2)
FNDA:2,(anonymous_3)
FNDA:0,(anonymous_4)
FNDA:1,(anonymous_5)
FNDA:1,(anonymous_6)
FNDA:0,(anonymous_7)
FNDA:2,(anonymous_8)
FNDA:32,emptyMetric
FNDA:8,emptyTotals
FNDA:56,pct
FNDA:19,readJson
FNDA:8,findCoverageSummaries
FNDA:8,(anonymous_14)
FNDA:4,findLcovFiles
FNDA:7,(anonymous_16)
FNDA:24,normalizeRelPath
FNDA:5,parseSummary
FNDA:40,extractMetric
FNDA:3,parseLcov
FNDA:36,(anonymous_21)
FNDA:8,mergeFiles
FNDA:0,mergeMetric
FNDA:8,totalsFromFiles
FNDA:16,detectFramework
FNDA:9,findCoverage
FNDA:8,(anonymous_27)
FNDA:8,(anonymous_28)
DA:2,1
DA:3,125
DA:4,125
DA:5,125
DA:6,227
DA:8,125
DA:10,0
DA:11,0
DA:13,1
DA:14,2
DA:16,0
DA:18,1
DA:19,1
DA:20,1
DA:21,0
DA:22,0
DA:23,0
DA:25,1
DA:27,1
DA:28,2
DA:29,2
DA:30,125
DA:31,2
DA:32,2
DA:35,1
DA:36,1
DA:37,1
DA:38,1
DA:39,1
DA:40,1
DA:46,32
DA:49,8
DA:57,56
DA:58,0
DA:59,56
DA:62,19
DA:63,19
DA:66,0
DA:70,8
DA:71,8
DA:72,8
DA:73,0
DA:75,8
DA:76,8
DA:79,0
DA:81,8
DA:82,15
DA:83,8
DA:84,7
DA:85,0
DA:86,7
DA:87,7
DA:88,7
DA:89,7
DA:90,4
DA:91,7
DA:92,7
DA:93,7
DA:94,0
DA:95,0
DA:96,0
DA:105,0
DA:109,8
DA:110,8
DA:113,4
DA:114,4
DA:115,7
DA:116,0
DA:118,7
DA:119,7
DA:122,0
DA:124,7
DA:125,10
DA:126,10
DA:127,3
DA:128,0
DA:129,3
DA:131,7
DA:132,3
DA:136,4
DA:137,4
DA:140,24
DA:141,8
DA:142,8
DA:144,16
DA:147,5
DA:148,5
DA:149,0
DA:150,5
DA:151,5
DA:152,15
DA:153,5
DA:154,10
DA:155,0
DA:156,10
DA:157,10
DA:158,0
DA:159,10
DA:167,5
DA:170,40
DA:171,0
DA:172,40
DA:173,40
DA:174,40
DA:175,40
DA:183,3
DA:184,3
DA:187,0
DA:189,3
DA:190,3
DA:191,3
DA:192,9
DA:193,9
DA:194,3
DA:195,6
DA:196,36
DA:197,36
DA:199,6
DA:200,6
DA:201,0
DA:202,6
DA:203,6
DA:204,6
DA:205,6
DA:206,6
DA:207,6
DA:208,6
DA:216,3
DA:219,8
DA:220,8
DA:221,8
DA:222,16
DA:223,16
DA:224,16
DA:227,0
DA:228,0
DA:229,0
DA:230,0
DA:234,8
DA:237,0
DA:238,0
DA:239,0
DA:242,8
DA:243,8
DA:244,16
DA:245,16
DA:246,16
DA:247,16
DA:248,16
DA:249,16
DA:250,16
DA:251,16
DA:253,8
DA:254,8
DA:255,8
DA:256,8
DA:257,8
DA:260,16
DA:261,1
DA:262,15
DA:263,15
DA:264,14
DA:265,14
DA:269,14
DA:270,0
DA:271,14
DA:272,4
DA:273,10
DA:274,7
DA:275,3
DA:276,1
DA:277,2
DA:278,0
DA:279,2
DA:280,1
DA:281,1
DA:282,0
DA:283,1
DA:284,0
DA:286,2
DA:289,1
DA:290,1
DA:292,0
DA:293,1
DA:295,0
DA:296,1
DA:297,0
DA:298,1
DA:301,9
DA:302,9
DA:303,9
DA:304,9
DA:305,9
DA:306,1
DA:307,1
DA:308,1
DA:309,1
DA:310,1
DA:311,1
DA:312,0
DA:313,1
DA:314,0
DA:315,0
DA:316,0
DA:317,0
DA:318,0
DA:319,0
DA:320,0
DA:321,0
DA:322,0
DA:332,8
DA:333,8
DA:334,4
DA:337,9
DA:338,1
DA:339,8
DA:340,8
DA:341,5
DA:342,8
DA:343,3
DA:344,8
DA:345,8
DA:346,8
LF:223
LH:175
BRDA:2,0,0,1
BRDA:2,0,1,1
BRDA:2,0,2,1
BRDA:2,1,0,1
BRDA:2,1,1,0
BRDA:3,2,0,125
BRDA:3,2,1,0
BRDA:5,3,0,124
BRDA:5,3,1,1
BRDA:5,4,0,125
BRDA:5,4,1,125
BRDA:5,5,0,10
BRDA:5,5,1,115
BRDA:5,6,0,115
BRDA:5,6,1,1
BRDA:10,7,0,0
BRDA:10,7,1,0
BRDA:13,8,0,1
BRDA:13,8,1,1
BRDA:13,8,2,1
BRDA:13,9,0,1
BRDA:13,9,1,0
BRDA:18,10,0,1
BRDA:18,10,1,1
BRDA:18,10,2,1
BRDA:20,11,0,1
BRDA:20,11,1,0
BRDA:22,12,0,0
BRDA:22,12,1,0
BRDA:28,13,0,0
BRDA:28,13,1,2
BRDA:28,14,0,2
BRDA:28,14,1,2
BRDA:30,15,0,2
BRDA:30,15,1,0
BRDA:30,16,0,125
BRDA:30,16,1,0
BRDA:57,17,0,0
BRDA:57,17,1,56
BRDA:72,18,0,0
BRDA:72,18,1,8
BRDA:82,19,0,8
BRDA:82,19,1,7
BRDA:84,20,0,0
BRDA:84,20,1,7
BRDA:87,21,0,7
BRDA:87,21,1,0
BRDA:87,22,0,7
BRDA:87,22,1,0
BRDA:89,23,0,4
BRDA:89,23,1,3
BRDA:93,24,0,0
BRDA:93,24,1,7
BRDA:95,25,0,0
BRDA:95,25,1,0
BRDA:115,26,0,0
BRDA:115,26,1,7
BRDA:126,27,0,3
BRDA:126,27,1,7
BRDA:127,28,0,0
BRDA:127,28,1,3
BRDA:131,29,0,3
BRDA:131,29,1,4
BRDA:140,30,0,8
BRDA:140,30,1,16
BRDA:148,31,0,0
BRDA:148,31,1,5
BRDA:148,32,0,5
BRDA:148,32,1,5
BRDA:152,33,0,5
BRDA:152,33,1,10
BRDA:154,34,0,0
BRDA:154,34,1,10
BRDA:154,35,0,10
BRDA:154,35,1,10
BRDA:157,36,0,0
BRDA:157,36,1,10
BRDA:170,37,0,0
BRDA:170,37,1,40
BRDA:170,38,0,40
BRDA:170,38,1,40
BRDA:172,39,0,40
BRDA:172,39,1,0
BRDA:173,40,0,40
BRDA:173,40,1,0
BRDA:178,41,0,40
BRDA:178,41,1,0
BRDA:193,42,0,3
BRDA:193,42,1,6
BRDA:197,43,0,36
BRDA:197,43,1,0
BRDA:199,44,0,6
BRDA:199,44,1,0
BRDA:200,45,0,0
BRDA:200,45,1,6
BRDA:223,46,0,16
BRDA:223,46,1,0
BRDA:260,47,0,1
BRDA:260,47,1,15
BRDA:263,48,0,14
BRDA:263,48,1,1
BRDA:266,49,0,14
BRDA:266,49,1,14
BRDA:267,50,0,14
BRDA:267,50,1,1
BRDA:269,51,0,0
BRDA:269,51,1,14
BRDA:269,52,0,14
BRDA:269,52,1,14
BRDA:269,52,2,14
BRDA:271,53,0,4
BRDA:271,53,1,10
BRDA:273,54,0,7
BRDA:273,54,1,3
BRDA:273,55,0,10
BRDA:273,55,1,3
BRDA:273,55,2,3
BRDA:275,56,0,1
BRDA:275,56,1,2
BRDA:275,57,0,3
BRDA:275,57,1,2
BRDA:277,58,0,0
BRDA:277,58,1,2
BRDA:279,59,0,1
BRDA:279,59,1,1
BRDA:279,60,0,2
BRDA:279,60,1,1
BRDA:281,61,0,0
BRDA:281,61,1,1
BRDA:283,62,0,0
BRDA:283,62,1,1
BRDA:283,63,0,1
BRDA:283,63,1,1
BRDA:286,64,0,1
BRDA:286,64,1,1
BRDA:286,65,0,2
BRDA:286,65,1,1
BRDA:286,65,2,1
BRDA:290,66,0,0
BRDA:290,66,1,1
BRDA:290,67,0,1
BRDA:290,67,1,1
BRDA:293,68,0,0
BRDA:293,68,1,1
BRDA:293,69,0,1
BRDA:293,69,1,1
BRDA:296,70,0,0
BRDA:296,70,1,1
BRDA:296,71,0,1
BRDA:296,71,1,1
BRDA:300,72,0,8
BRDA:305,73,0,1
BRDA:305,73,1,8
BRDA:309,74,0,1
BRDA:309,74,1,0
BRDA:311,75,0,0
BRDA:311,75,1,1
BRDA:313,76,0,0
BRDA:313,76,1,1
BRDA:313,77,0,1
BRDA:313,77,1,0
BRDA:316,78,0,0
BRDA:316,78,1,0
BRDA:319,79,0,0
BRDA:319,79,1,0
BRDA:321,80,0,0
BRDA:321,80,1,0
BRDA:333,81,0,4
BRDA:333,81,1,4
BRDA:337,82,0,1
BRDA:337,82,1,8
BRDA:337,83,0,9
BRDA:337,83,1,4
BRF:173
BRH:124
end_of_record
TN:
SF:src\index.ts
FN:5,(anonymous_0)
FN:7,(anonymous_1)
FN:9,(anonymous_2)
FN:11,(anonymous_3)
FN:12,(anonymous_4)
FNF:5
FNH:0
FNDA:0,(anonymous_0)
FNDA:0,(anonymous_1)
FNDA:0,(anonymous_2)
FNDA:0,(anonymous_3)
FNDA:0,(anonymous_4)
DA:2,0
DA:3,0
DA:4,0
DA:5,0
DA:6,0
DA:7,0
DA:8,0
DA:9,0
DA:10,0
DA:11,0
DA:12,0
LF:11
LH:0
BRF:0
BRH:0
end_of_record
TN:
SF:src\markdown.ts
FN:4,formatBytes
FN:13,escapeCell
FN:16,fmtMetric
FN:19,coverageEmoji
FN:27,renderMarkdown
FN:111,(anonymous_5)
FN:124,(anonymous_6)
FNF:7
FNH:7
FNDA:99,formatBytes
FNDA:111,escapeCell
FNDA:16,fmtMetric
FNDA:16,coverageEmoji
FNDA:11,renderMarkdown
FNDA:4,(anonymous_5)
FNDA:4,(anonymous_6)
DA:2,1
DA:3,1
DA:5,99
DA:6,88
DA:7,11
DA:8,11
DA:9,0
DA:10,0
DA:11,0
DA:14,111
DA:17,16
DA:20,16
DA:21,16
DA:22,10
DA:23,6
DA:24,6
DA:25,0
DA:28,11
DA:29,11
DA:30,11
DA:31,11
DA:32,11
DA:33,11
DA:34,11
DA:35,11
DA:36,11
DA:37,11
DA:38,11
DA:39,11
DA:40,11
DA:41,11
DA:42,11
DA:43,11
DA:44,11
DA:45,11
DA:46,11
DA:47,11
DA:48,11
DA:49,11
DA:50,11
DA:52,11
DA:54,11
DA:55,11
DA:56,11
DA:57,11
DA:58,11
DA:59,22
DA:61,11
DA:62,11
DA:63,11
DA:64,11
DA:65,11
DA:66,11
DA:67,11
DA:68,11
DA:70,11
DA:72,11
DA:73,11
DA:74,11
DA:75,11
DA:76,11
DA:77,11
DA:78,33
DA:80,11
DA:82,11
DA:83,11
DA:84,11
DA:85,11
DA:86,11
DA:87,11
DA:89,11
DA:90,11
DA:91,11
DA:93,11
DA:94,11
DA:95,4
DA:96,4
DA:97,4
DA:98,2
DA:99,2
DA:100,2
DA:102,4
DA:103,4
DA:104,4
DA:105,4
DA:106,4
DA:107,4
DA:108,4
DA:109,4
DA:111,4
DA:113,4
DA:114,4
DA:115,4
DA:116,4
DA:117,4
DA:118,4
DA:119,8
DA:121,4
DA:123,4
DA:124,4
DA:125,4
DA:128,11
DA:129,1
DA:130,1
DA:131,1
DA:132,2
DA:133,2
DA:134,0
DA:135,2
DA:136,2
DA:138,2
DA:140,1
DA:141,1
DA:142,1
DA:144,11
DA:145,11
DA:146,11
DA:147,11
LF:118
LH:113
BRDA:5,0,0,88
BRDA:5,0,1,11
BRDA:7,1,0,11
BRDA:7,1,1,0
BRDA:9,2,0,0
BRDA:9,2,1,0
BRDA:20,3,0,16
BRDA:20,3,1,8
BRDA:21,4,0,10
BRDA:21,4,1,6
BRDA:23,5,0,6
BRDA:23,5,1,0
BRDA:27,6,0,4
BRDA:28,7,0,11
BRDA:28,7,1,0
BRDA:29,8,0,11
BRDA:29,8,1,0
BRDA:46,9,0,11
BRDA:46,9,1,0
BRDA:62,10,0,11
BRDA:62,10,1,0
BRDA:72,11,0,11
BRDA:72,11,1,0
BRDA:82,12,0,11
BRDA:82,12,1,0
BRDA:94,13,0,4
BRDA:94,13,1,7
BRDA:97,14,0,2
BRDA:97,14,1,2
BRDA:99,15,0,1
BRDA:99,15,1,1
BRDA:113,16,0,4
BRDA:113,16,1,0
BRDA:123,17,0,4
BRDA:123,17,1,0
BRDA:128,18,0,1
BRDA:128,18,1,10
BRDA:128,19,0,11
BRDA:128,19,1,2
BRDA:133,20,0,0
BRDA:133,20,1,2
BRDA:140,21,0,1
BRDA:140,21,1,0
BRF:43
BRH:29
end_of_record
TN:
SF:src\report.ts
FN:4,esc
FN:11,formatBytes
FN:20,bar
FN:24,badgeForExt
FN:37,buildTree
FN:39,(anonymous_5)
FN:56,renderTreeNode
FN:57,(anonymous_7)
FN:76,folderIcon
FN:79,fileIcon
FN:82,pctTone
FN:90,metricTone
FN:97,coverageCards
FN:98,(anonymous_13)
FN:107,(anonymous_14)
FN:109,(anonymous_15)
FN:130,coverageTable
FN:133,(anonymous_17)
FN:135,(anonymous_18)
FN:156,pctCell
FN:160,coverageRow
FN:169,aiSummarySection
FN:172,(anonymous_22)
FN:174,(anonymous_23)
FN:187,renderReport
FN:188,(anonymous_25)
FN:189,(anonymous_26)
FN:190,(anonymous_27)
FN:193,(anonymous_28)
FN:203,(anonymous_29)
FN:212,(anonymous_30)
FN:221,(anonymous_31)
FNF:32
FNH:31
FNDA:206,esc
FNDA:152,formatBytes
FNDA:81,bar
FNDA:27,badgeForExt
FNDA:9,buildTree
FNDA:27,(anonymous_5)
FNDA:18,renderTreeNode
FNDA:45,(anonymous_7)
FNDA:9,folderIcon
FNDA:36,fileIcon
FNDA:12,pctTone
FNDA:12,metricTone
FNDA:3,coverageCards
FNDA:12,(anonymous_13)
FNDA:12,(anonymous_14)
FNDA:2,(anonymous_15)
FNDA:3,coverageTable
FNDA:0,(anonymous_17)
FNDA:3,(anonymous_18)
FNDA:12,pctCell
FNDA:3,coverageRow
FNDA:2,aiSummarySection
FNDA:2,(anonymous_22)
FNDA:2,(anonymous_23)
FNDA:9,renderReport
FNDA:27,(anonymous_25)
FNDA:18,(anonymous_26)
FNDA:36,(anonymous_27)
FNDA:27,(anonymous_28)
FNDA:18,(anonymous_29)
FNDA:36,(anonymous_30)
FNDA:17,(anonymous_31)
DA:2,1
DA:3,1
DA:5,206
DA:12,152
DA:13,107
DA:14,45
DA:15,45
DA:16,0
DA:17,0
DA:18,0
DA:21,81
DA:22,81
DA:25,27
DA:35,27
DA:38,9
DA:39,27
DA:40,36
DA:41,36
DA:42,36
DA:43,54
DA:44,54
DA:45,54
DA:46,36
DA:49,18
DA:50,18
DA:54,9
DA:57,18
DA:58,45
DA:59,45
DA:60,45
DA:61,18
DA:62,27
DA:64,18
DA:65,18
DA:66,45
DA:67,45
DA:68,36
DA:71,9
DA:74,18
DA:77,9
DA:80,36
DA:83,12
DA:84,12
DA:85,2
DA:86,10
DA:87,3
DA:88,7
DA:91,12
DA:92,0
DA:93,12
DA:94,12
DA:95,0
DA:98,3
DA:99,12
DA:100,12
DA:101,12
DA:107,12
DA:108,3
DA:110,2
DA:111,2
DA:114,3
DA:131,3
DA:133,0
DA:135,3
DA:137,3
DA:157,12
DA:158,12
DA:161,3
DA:170,2
DA:172,2
DA:174,2
DA:176,2
DA:188,27
DA:189,18
DA:190,36
DA:191,9
DA:193,27
DA:202,9
DA:203,18
DA:211,9
DA:212,36
DA:219,9
DA:221,17
DA:224,9
DA:225,9
DA:226,9
DA:227,9
DA:230,9
DA:231,9
LF:89
LH:83
BRDA:12,0,0,107
BRDA:12,0,1,45
BRDA:14,1,0,45
BRDA:14,1,1,0
BRDA:16,2,0,0
BRDA:16,2,1,0
BRDA:20,3,0,0
BRDA:21,4,0,0
BRDA:21,4,1,81
BRDA:35,5,0,27
BRDA:35,5,1,0
BRDA:45,6,0,36
BRDA:45,6,1,18
BRDA:49,7,0,18
BRDA:49,7,1,9
BRDA:60,8,0,18
BRDA:60,8,1,27
BRDA:61,9,0,18
BRDA:61,9,1,0
BRDA:67,10,0,36
BRDA:67,10,1,9
BRDA:71,11,0,9
BRDA:71,11,1,0
BRDA:83,12,0,12
BRDA:83,12,1,4
BRDA:84,13,0,2
BRDA:84,13,1,10
BRDA:86,14,0,3
BRDA:86,14,1,7
BRDA:91,15,0,0
BRDA:91,15,1,12
BRDA:93,16,0,12
BRDA:93,16,1,0
BRDA:100,17,0,0
BRDA:100,17,1,12
BRDA:100,18,0,12
BRDA:100,18,1,0
BRDA:108,19,0,2
BRDA:108,19,1,1
BRDA:111,20,0,1
BRDA:111,20,1,1
BRDA:111,21,0,1
BRDA:111,21,1,1
BRDA:187,22,0,4
BRDA:219,23,0,9
BRDA:219,23,1,0
BRDA:225,24,0,9
BRDA:225,24,1,0
BRDA:226,25,0,9
BRDA:226,25,1,0
BRDA:227,26,0,3
BRDA:227,26,1,6
BRDA:230,27,0,2
BRDA:230,27,1,7
BRDA:418,28,0,3
BRDA:418,28,1,6
BRF:56
BRH:41
end_of_record
TN:
SF:src\scanner.ts
FN:2,(anonymous_0)
FN:6,(anonymous_1)
FN:9,(anonymous_2)
FN:13,(anonymous_3)
FN:15,(anonymous_4)
FN:18,(anonymous_5)
FN:19,(anonymous_6)
FN:20,(anonymous_7)
FN:27,(anonymous_8)
FN:76,countLines
FN:96,insertTop
FN:100,(anonymous_11)
FN:114,scanRepo
FN:122,(anonymous_13)
FN:127,walk
FN:189,(anonymous_15)
FN:190,(anonymous_16)
FN:192,(anonymous_17)
FN:193,(anonymous_18)
FNF:19
FNH:15
FNDA:125,(anonymous_0)
FNDA:452,(anonymous_1)
FNDA:0,(anonymous_2)
FNDA:2,(anonymous_3)
FNDA:0,(anonymous_4)
FNDA:1,(anonymous_5)
FNDA:1,(anonymous_6)
FNDA:0,(anonymous_7)
FNDA:2,(anonymous_8)
FNDA:49,countLines
FNDA:49,insertTop
FNDA:0,(anonymous_11)
FNDA:8,scanRepo
FNDA:136,(anonymous_13)
FNDA:29,walk
FNDA:28,(anonymous_15)
FNDA:91,(anonymous_16)
FNDA:21,(anonymous_17)
FNDA:14,(anonymous_18)
DA:2,1
DA:3,125
DA:4,125
DA:5,125
DA:6,452
DA:8,125
DA:10,0
DA:11,0
DA:13,1
DA:14,2
DA:16,0
DA:18,1
DA:19,1
DA:20,1
DA:21,0
DA:22,0
DA:23,0
DA:25,1
DA:27,1
DA:28,2
DA:29,2
DA:30,125
DA:31,2
DA:32,2
DA:35,1
DA:36,1
DA:37,1
DA:38,1
DA:39,1
DA:58,1
DA:68,1
DA:77,49
DA:78,0
DA:79,49
DA:80,49
DA:81,49
DA:82,49
DA:83,1785
DA:84,77
DA:86,49
DA:87,7
DA:88,49
DA:91,0
DA:94,1
DA:95,1
DA:97,49
DA:98,49
DA:99,49
DA:100,0
DA:101,49
DA:103,0
DA:104,0
DA:105,0
DA:106,0
DA:107,0
DA:108,0
DA:109,0
DA:110,0
DA:111,0
DA:115,8
DA:116,8
DA:117,8
DA:118,8
DA:119,8
DA:120,8
DA:121,8
DA:122,136
DA:123,8
DA:124,8
DA:125,8
DA:126,8
DA:128,29
DA:129,0
DA:131,29
DA:132,29
DA:135,0
DA:137,29
DA:138,0
DA:139,29
DA:141,29
DA:142,29
DA:145,0
DA:147,29
DA:148,91
DA:149,91
DA:150,42
DA:151,21
DA:152,21
DA:154,21
DA:156,49
DA:158,49
DA:159,49
DA:162,0
DA:164,49
DA:165,49
DA:166,49
DA:167,49
DA:168,49
DA:169,49
DA:170,49
DA:171,49
DA:172,49
DA:173,49
DA:174,49
DA:175,49
DA:176,49
DA:177,49
DA:178,49
DA:179,49
DA:180,49
DA:181,49
DA:182,49
DA:183,21
DA:188,8
DA:189,28
DA:190,91
DA:191,8
DA:192,21
DA:193,14
DA:195,8
DA:196,8
DA:197,8
DA:198,136
DA:199,136
DA:200,136
DA:201,21
DA:202,21
DA:205,8
LF:128
LH:105
BRDA:2,0,0,1
BRDA:2,0,1,1
BRDA:2,0,2,1
BRDA:2,1,0,1
BRDA:2,1,1,0
BRDA:3,2,0,125
BRDA:3,2,1,0
BRDA:5,3,0,124
BRDA:5,3,1,1
BRDA:5,4,0,125
BRDA:5,4,1,125
BRDA:5,5,0,10
BRDA:5,5,1,115
BRDA:5,6,0,115
BRDA:5,6,1,1
BRDA:10,7,0,0
BRDA:10,7,1,0
BRDA:13,8,0,1
BRDA:13,8,1,1
BRDA:13,8,2,1
BRDA:13,9,0,1
BRDA:13,9,1,0
BRDA:18,10,0,1
BRDA:18,10,1,1
BRDA:18,10,2,1
BRDA:20,11,0,1
BRDA:20,11,1,0
BRDA:22,12,0,0
BRDA:22,12,1,0
BRDA:28,13,0,0
BRDA:28,13,1,2
BRDA:28,14,0,2
BRDA:28,14,1,2
BRDA:30,15,0,2
BRDA:30,15,1,0
BRDA:30,16,0,125
BRDA:30,16,1,0
BRDA:77,17,0,0
BRDA:77,17,1,49
BRDA:83,18,0,77
BRDA:83,18,1,1708
BRDA:86,19,0,7
BRDA:86,19,1,42
BRDA:86,20,0,49
BRDA:86,20,1,49
BRDA:97,21,0,49
BRDA:97,21,1,0
BRDA:99,22,0,0
BRDA:99,22,1,49
BRDA:103,23,0,0
BRDA:103,23,1,0
BRDA:107,24,0,0
BRDA:107,24,1,0
BRDA:128,25,0,0
BRDA:128,25,1,29
BRDA:137,26,0,0
BRDA:137,26,1,29
BRDA:149,27,0,42
BRDA:149,27,1,49
BRDA:150,28,0,21
BRDA:150,28,1,21
BRDA:156,29,0,49
BRDA:156,29,1,0
BRDA:165,30,0,49
BRDA:165,30,1,0
BRDA:166,31,0,49
BRDA:166,31,1,0
BRDA:170,32,0,49
BRDA:170,32,1,21
BRDA:175,33,0,28
BRDA:175,33,1,21
BRDA:176,34,0,49
BRDA:176,34,1,21
BRDA:182,35,0,21
BRDA:182,35,1,28
BRDA:182,36,0,49
BRDA:182,36,1,21
BRDA:200,37,0,21
BRDA:200,37,1,115
BRDA:200,38,0,136
BRDA:200,38,1,28
BRF:81
BRH:58
end_of_record
